<?xml version="1.0" encoding="UTF-8"?>
<testng-results ignored="0" total="3" passed="3" failed="0" skipped="0">
  <reporter-output>
  </reporter-output>
  <suite started-at="2021-10-22T20:21:24 IST" name="Default suite" finished-at="2021-10-22T20:21:24 IST" duration-ms="45">
    <groups>
    </groups>
    <test started-at="2021-10-22T20:21:24 IST" name="Default test" finished-at="2021-10-22T20:21:24 IST" duration-ms="45">
      <class name="com.sgtesting.products.Products">
        <test-method is-config="true" signature="intialization()[pri:0, instance:com.sgtesting.products.Products@57af006c]" started-at="2021-10-22T20:21:24 IST" name="intialization" finished-at="2021-10-22T20:21:24 IST" duration-ms="6" status="PASS">
          <reporter-output>
          </reporter-output>
        </test-method> <!-- intialization -->
        <test-method signature="createUser()[pri:0, instance:com.sgtesting.products.Products@57af006c]" started-at="2021-10-22T20:21:24 IST" name="createUser" finished-at="2021-10-22T20:21:24 IST" duration-ms="4" status="PASS">
          <reporter-output>
          </reporter-output>
        </test-method> <!-- createUser -->
        <test-method signature="deletedUser()[pri:0, instance:com.sgtesting.products.Products@57af006c]" started-at="2021-10-22T20:21:24 IST" name="deletedUser" finished-at="2021-10-22T20:21:24 IST" duration-ms="1" status="PASS">
          <reporter-output>
          </reporter-output>
        </test-method> <!-- deletedUser -->
        <test-method signature="modifyUser()[pri:0, instance:com.sgtesting.products.Products@57af006c]" started-at="2021-10-22T20:21:24 IST" name="modifyUser" finished-at="2021-10-22T20:21:24 IST" duration-ms="3" status="PASS">
          <reporter-output>
          </reporter-output>
        </test-method> <!-- modifyUser -->
        <test-method is-config="true" signature="cleanUp()[pri:0, instance:com.sgtesting.products.Products@57af006c]" started-at="2021-10-22T20:21:24 IST" name="cleanUp" finished-at="2021-10-22T20:21:24 IST" duration-ms="1" status="PASS">
          <reporter-output>
          </reporter-output>
        </test-method> <!-- cleanUp -->
      </class> <!-- com.sgtesting.products.Products -->
    </test> <!-- Default test -->
  </suite> <!-- Default suite -->
</testng-results>
