<?xml version="1.0" encoding="UTF-8"?>
<!-- Generated by org.testng.reporters.JUnitXMLReporter -->
<testsuite ignored="0" hostname="LAPTOP-IG9HI3D2" failures="0" tests="3" name="Default test" time="0.045" errors="0" timestamp="2021-10-22T20:21:24 IST">
  <testcase classname="com.sgtesting.products.Products" name="createUser" time="0.004"/>
  <testcase classname="com.sgtesting.products.Products" name="deletedUser" time="0.001"/>
  <testcase classname="com.sgtesting.products.Products" name="modifyUser" time="0.003"/>
</testsuite> <!-- Default test -->
